2023-07-03 23:51:36.473  INFO 8168 --- [restartedMain] com.majiang.demo.DemoApplication         : Starting DemoApplication using Java 1.8.0_331 on DESKTOP-35V70FO with PID 8168 (D:\IDEA\demo\target\classes started by 47316 in D:\IDEA\demo)
2023-07-03 23:51:36.476  INFO 8168 --- [restartedMain] com.majiang.demo.DemoApplication         : No active profile set, falling back to 1 default profile: "default"
2023-07-03 23:51:36.582  INFO 8168 --- [restartedMain] .e.DevToolsPropertyDefaultsPostProcessor : Devtools property defaults active! Set 'spring.devtools.add-properties' to 'false' to disable
2023-07-03 23:51:36.583  INFO 8168 --- [restartedMain] .e.DevToolsPropertyDefaultsPostProcessor : For additional web related logging consider setting the 'logging.level.web' property to 'DEBUG'
2023-07-03 23:51:39.124  INFO 8168 --- [restartedMain] o.s.b.w.embedded.tomcat.TomcatWebServer  : Tomcat initialized with port(s): 8888 (http)
2023-07-03 23:51:39.126  INFO 8168 --- [restartedMain] o.a.catalina.core.AprLifecycleListener   : Loaded Apache Tomcat Native library [1.2.34] using APR version [1.7.0].
2023-07-03 23:51:39.127  INFO 8168 --- [restartedMain] o.a.catalina.core.AprLifecycleListener   : APR capabilities: IPv6 [true], sendfile [true], accept filters [false], random [true], UDS [true].
2023-07-03 23:51:39.127  INFO 8168 --- [restartedMain] o.a.catalina.core.AprLifecycleListener   : APR/OpenSSL configuration: useAprConnector [false], useOpenSSL [true]
2023-07-03 23:51:39.138  INFO 8168 --- [restartedMain] o.a.catalina.core.AprLifecycleListener   : OpenSSL successfully initialized [OpenSSL 1.1.1o  3 May 2022]
2023-07-03 23:51:39.155  INFO 8168 --- [restartedMain] o.apache.catalina.core.StandardService   : Starting service [Tomcat]
2023-07-03 23:51:39.155  INFO 8168 --- [restartedMain] org.apache.catalina.core.StandardEngine  : Starting Servlet engine: [Apache Tomcat/9.0.75]
2023-07-03 23:51:39.277  INFO 8168 --- [restartedMain] o.a.c.c.C.[Tomcat].[localhost].[/]       : Initializing Spring embedded WebApplicationContext
2023-07-03 23:51:39.277  INFO 8168 --- [restartedMain] w.s.c.ServletWebServerApplicationContext : Root WebApplicationContext: initialization completed in 2682 ms
2023-07-03 23:51:40.588  INFO 8168 --- [restartedMain] o.s.b.a.w.s.WelcomePageHandlerMapping    : Adding welcome page template: index
2023-07-03 23:51:41.380  INFO 8168 --- [restartedMain] o.s.b.d.a.OptionalLiveReloadServer       : LiveReload server is running on port 35729
2023-07-03 23:51:41.443  INFO 8168 --- [restartedMain] o.s.b.w.embedded.tomcat.TomcatWebServer  : Tomcat started on port(s): 8888 (http) with context path ''
2023-07-03 23:51:41.469  INFO 8168 --- [restartedMain] com.majiang.demo.DemoApplication         : Started DemoApplication in 5.913 seconds (JVM running for 8.503)
2023-07-03 23:53:00.277  INFO 8168 --- [File Watcher] rtingClassPathChangeChangedEventListener : Restarting due to 1 class path change (0 additions, 0 deletions, 1 modification)
2023-07-03 23:53:00.827  INFO 8168 --- [Thread-17] o.apache.catalina.core.StandardService   : Stopping service [Tomcat]
2023-07-03 23:53:01.180  INFO 8168 --- [restartedMain] com.majiang.demo.DemoApplication         : Starting DemoApplication using Java 1.8.0_331 on DESKTOP-35V70FO with PID 8168 (D:\IDEA\demo\target\classes started by 47316 in D:\IDEA\demo)
2023-07-03 23:53:01.181  INFO 8168 --- [restartedMain] com.majiang.demo.DemoApplication         : No active profile set, falling back to 1 default profile: "default"
2023-07-03 23:53:02.146  INFO 8168 --- [restartedMain] o.s.b.w.embedded.tomcat.TomcatWebServer  : Tomcat initialized with port(s): 8888 (http)
2023-07-03 23:53:02.146  INFO 8168 --- [restartedMain] o.a.catalina.core.AprLifecycleListener   : Loaded Apache Tomcat Native library [1.2.34] using APR version [1.7.0].
2023-07-03 23:53:02.147  INFO 8168 --- [restartedMain] o.a.catalina.core.AprLifecycleListener   : APR capabilities: IPv6 [true], sendfile [true], accept filters [false], random [true], UDS [true].
2023-07-03 23:53:02.148  INFO 8168 --- [restartedMain] o.a.catalina.core.AprLifecycleListener   : APR/OpenSSL configuration: useAprConnector [false], useOpenSSL [true]
2023-07-03 23:53:02.148  INFO 8168 --- [restartedMain] o.a.catalina.core.AprLifecycleListener   : OpenSSL successfully initialized [OpenSSL 1.1.1o  3 May 2022]
2023-07-03 23:53:02.149  INFO 8168 --- [restartedMain] o.apache.catalina.core.StandardService   : Starting service [Tomcat]
2023-07-03 23:53:02.150  INFO 8168 --- [restartedMain] org.apache.catalina.core.StandardEngine  : Starting Servlet engine: [Apache Tomcat/9.0.75]
2023-07-03 23:53:02.218  INFO 8168 --- [restartedMain] o.a.c.c.C.[Tomcat].[localhost].[/]       : Initializing Spring embedded WebApplicationContext
2023-07-03 23:53:02.218  INFO 8168 --- [restartedMain] w.s.c.ServletWebServerApplicationContext : Root WebApplicationContext: initialization completed in 1018 ms
2023-07-03 23:53:02.644  INFO 8168 --- [restartedMain] o.s.b.a.w.s.WelcomePageHandlerMapping    : Adding welcome page template: index
2023-07-03 23:53:02.783  INFO 8168 --- [restartedMain] o.s.b.d.a.OptionalLiveReloadServer       : LiveReload server is running on port 35729
2023-07-03 23:53:02.811  INFO 8168 --- [restartedMain] o.s.b.w.embedded.tomcat.TomcatWebServer  : Tomcat started on port(s): 8888 (http) with context path ''
2023-07-03 23:53:02.819  INFO 8168 --- [restartedMain] com.majiang.demo.DemoApplication         : Started DemoApplication in 1.789 seconds (JVM running for 89.853)
2023-07-03 23:53:02.825  INFO 8168 --- [restartedMain] .ConditionEvaluationDeltaLoggingListener : Condition evaluation unchanged
2023-07-03 23:53:02.993  INFO 8168 --- [http-nio-8888-exec-10] o.a.c.c.C.[Tomcat].[localhost].[/]       : Initializing Spring DispatcherServlet 'dispatcherServlet'
2023-07-03 23:53:02.993  INFO 8168 --- [http-nio-8888-exec-10] o.s.web.servlet.DispatcherServlet        : Initializing Servlet 'dispatcherServlet'
2023-07-03 23:53:02.997  INFO 8168 --- [http-nio-8888-exec-10] o.s.web.servlet.DispatcherServlet        : Completed initialization in 3 ms
2023-07-03 23:53:03.192  INFO 8168 --- [http-nio-8888-exec-10] com.zaxxer.hikari.HikariDataSource       : HikariPool-1 - Starting...
2023-07-03 23:53:05.484  INFO 8168 --- [http-nio-8888-exec-10] com.zaxxer.hikari.HikariDataSource       : HikariPool-1 - Start completed.
2023-07-03 23:53:05.510 DEBUG 8168 --- [http-nio-8888-exec-10] c.m.d.mapper.UserMapper.selectByExample  : ==>  Preparing: select id, name, account_id, token, gmt_create, gmt_modified, avatar_url from user WHERE ( token = ? ) 
2023-07-03 23:53:05.611 DEBUG 8168 --- [http-nio-8888-exec-10] c.m.d.mapper.UserMapper.selectByExample  : ==> Parameters: 2881363d-4172-411c-b611-1088b772ecbf(String)
2023-07-03 23:53:05.709 DEBUG 8168 --- [http-nio-8888-exec-10] c.m.d.mapper.UserMapper.selectByExample  : <==      Total: 1
2023-07-03 23:53:05.800 DEBUG 8168 --- [http-nio-8888-exec-10] c.m.d.m.N.countByExample                 : ==>  Preparing: select count(*) from notification WHERE ( receiver = ? and status = ? ) 
2023-07-03 23:53:05.807 DEBUG 8168 --- [http-nio-8888-exec-10] c.m.d.m.N.countByExample                 : ==> Parameters: 22(Long), 0(Integer)
2023-07-03 23:53:05.811 DEBUG 8168 --- [http-nio-8888-exec-10] c.m.d.m.N.countByExample                 : <==      Total: 1
2023-07-03 23:53:05.890 DEBUG 8168 --- [http-nio-8888-exec-10] c.m.d.m.QuestionExtMapper.countBySearch  : ==>  Preparing: select count(*) from question 
2023-07-03 23:53:05.893 DEBUG 8168 --- [http-nio-8888-exec-10] c.m.d.m.QuestionExtMapper.countBySearch  : ==> Parameters: 
2023-07-03 23:53:05.960 DEBUG 8168 --- [http-nio-8888-exec-10] c.m.d.m.QuestionExtMapper.countBySearch  : <==      Total: 1
2023-07-03 23:53:05.961 DEBUG 8168 --- [http-nio-8888-exec-10] c.m.d.m.Q.selectBySearch                 : ==>  Preparing: select * from question order by gmt_create desc limit ?, ? 
2023-07-03 23:53:05.961 DEBUG 8168 --- [http-nio-8888-exec-10] c.m.d.m.Q.selectBySearch                 : ==> Parameters: 0(Integer), 5(Integer)
2023-07-03 23:53:05.967 DEBUG 8168 --- [http-nio-8888-exec-10] c.m.d.m.Q.selectBySearch                 : <==      Total: 5
2023-07-03 23:53:05.968 DEBUG 8168 --- [http-nio-8888-exec-10] c.m.d.m.UserMapper.selectByPrimaryKey    : ==>  Preparing: select id, name, account_id, token, gmt_create, gmt_modified, avatar_url from user where id = ? 
2023-07-03 23:53:05.971 DEBUG 8168 --- [http-nio-8888-exec-10] c.m.d.m.UserMapper.selectByPrimaryKey    : ==> Parameters: 23(Long)
2023-07-03 23:53:05.978 DEBUG 8168 --- [http-nio-8888-exec-10] c.m.d.m.UserMapper.selectByPrimaryKey    : <==      Total: 1
2023-07-03 23:53:05.997 DEBUG 8168 --- [http-nio-8888-exec-10] c.m.d.m.UserMapper.selectByPrimaryKey    : ==>  Preparing: select id, name, account_id, token, gmt_create, gmt_modified, avatar_url from user where id = ? 
2023-07-03 23:53:05.999 DEBUG 8168 --- [http-nio-8888-exec-10] c.m.d.m.UserMapper.selectByPrimaryKey    : ==> Parameters: 23(Long)
2023-07-03 23:53:06.012 DEBUG 8168 --- [http-nio-8888-exec-10] c.m.d.m.UserMapper.selectByPrimaryKey    : <==      Total: 1
2023-07-03 23:53:06.013 DEBUG 8168 --- [http-nio-8888-exec-10] c.m.d.m.UserMapper.selectByPrimaryKey    : ==>  Preparing: select id, name, account_id, token, gmt_create, gmt_modified, avatar_url from user where id = ? 
2023-07-03 23:53:06.014 DEBUG 8168 --- [http-nio-8888-exec-10] c.m.d.m.UserMapper.selectByPrimaryKey    : ==> Parameters: 23(Long)
2023-07-03 23:53:06.016 DEBUG 8168 --- [http-nio-8888-exec-10] c.m.d.m.UserMapper.selectByPrimaryKey    : <==      Total: 1
2023-07-03 23:53:06.017 DEBUG 8168 --- [http-nio-8888-exec-10] c.m.d.m.UserMapper.selectByPrimaryKey    : ==>  Preparing: select id, name, account_id, token, gmt_create, gmt_modified, avatar_url from user where id = ? 
2023-07-03 23:53:06.018 DEBUG 8168 --- [http-nio-8888-exec-10] c.m.d.m.UserMapper.selectByPrimaryKey    : ==> Parameters: 22(Long)
2023-07-03 23:53:06.026 DEBUG 8168 --- [http-nio-8888-exec-10] c.m.d.m.UserMapper.selectByPrimaryKey    : <==      Total: 1
2023-07-03 23:53:06.027 DEBUG 8168 --- [http-nio-8888-exec-10] c.m.d.m.UserMapper.selectByPrimaryKey    : ==>  Preparing: select id, name, account_id, token, gmt_create, gmt_modified, avatar_url from user where id = ? 
2023-07-03 23:53:06.027 DEBUG 8168 --- [http-nio-8888-exec-10] c.m.d.m.UserMapper.selectByPrimaryKey    : ==> Parameters: 22(Long)
2023-07-03 23:53:06.030 DEBUG 8168 --- [http-nio-8888-exec-10] c.m.d.m.UserMapper.selectByPrimaryKey    : <==      Total: 1
2023-07-03 23:53:07.201 DEBUG 8168 --- [http-nio-8888-exec-7] c.m.d.mapper.UserMapper.selectByExample  : ==>  Preparing: select id, name, account_id, token, gmt_create, gmt_modified, avatar_url from user WHERE ( token = ? ) 
2023-07-03 23:53:07.201 DEBUG 8168 --- [http-nio-8888-exec-8] c.m.d.mapper.UserMapper.selectByExample  : ==>  Preparing: select id, name, account_id, token, gmt_create, gmt_modified, avatar_url from user WHERE ( token = ? ) 
2023-07-03 23:53:07.201 DEBUG 8168 --- [http-nio-8888-exec-9] c.m.d.mapper.UserMapper.selectByExample  : ==>  Preparing: select id, name, account_id, token, gmt_create, gmt_modified, avatar_url from user WHERE ( token = ? ) 
2023-07-03 23:53:07.201 DEBUG 8168 --- [http-nio-8888-exec-7] c.m.d.mapper.UserMapper.selectByExample  : ==> Parameters: 2881363d-4172-411c-b611-1088b772ecbf(String)
2023-07-03 23:53:07.201 DEBUG 8168 --- [http-nio-8888-exec-9] c.m.d.mapper.UserMapper.selectByExample  : ==> Parameters: 2881363d-4172-411c-b611-1088b772ecbf(String)
2023-07-03 23:53:07.201 DEBUG 8168 --- [http-nio-8888-exec-8] c.m.d.mapper.UserMapper.selectByExample  : ==> Parameters: 2881363d-4172-411c-b611-1088b772ecbf(String)
2023-07-03 23:53:07.207 DEBUG 8168 --- [http-nio-8888-exec-8] c.m.d.mapper.UserMapper.selectByExample  : <==      Total: 1
2023-07-03 23:53:07.209 DEBUG 8168 --- [http-nio-8888-exec-8] c.m.d.m.N.countByExample                 : ==>  Preparing: select count(*) from notification WHERE ( receiver = ? and status = ? ) 
2023-07-03 23:53:07.209 DEBUG 8168 --- [http-nio-8888-exec-8] c.m.d.m.N.countByExample                 : ==> Parameters: 22(Long), 0(Integer)
2023-07-03 23:53:07.211 DEBUG 8168 --- [http-nio-8888-exec-7] c.m.d.mapper.UserMapper.selectByExample  : <==      Total: 1
2023-07-03 23:53:07.211 DEBUG 8168 --- [http-nio-8888-exec-8] c.m.d.m.N.countByExample                 : <==      Total: 1
2023-07-03 23:53:07.212 DEBUG 8168 --- [http-nio-8888-exec-9] c.m.d.mapper.UserMapper.selectByExample  : <==      Total: 1
2023-07-03 23:53:07.212 DEBUG 8168 --- [http-nio-8888-exec-7] c.m.d.m.N.countByExample                 : ==>  Preparing: select count(*) from notification WHERE ( receiver = ? and status = ? ) 
2023-07-03 23:53:07.213 DEBUG 8168 --- [http-nio-8888-exec-7] c.m.d.m.N.countByExample                 : ==> Parameters: 22(Long), 0(Integer)
2023-07-03 23:53:07.215 DEBUG 8168 --- [http-nio-8888-exec-7] c.m.d.m.N.countByExample                 : <==      Total: 1
2023-07-03 23:53:07.218 DEBUG 8168 --- [http-nio-8888-exec-9] c.m.d.m.N.countByExample                 : ==>  Preparing: select count(*) from notification WHERE ( receiver = ? and status = ? ) 
2023-07-03 23:53:07.224 DEBUG 8168 --- [http-nio-8888-exec-9] c.m.d.m.N.countByExample                 : ==> Parameters: 22(Long), 0(Integer)
2023-07-03 23:53:07.227 DEBUG 8168 --- [http-nio-8888-exec-9] c.m.d.m.N.countByExample                 : <==      Total: 1
2023-07-03 23:53:07.260 DEBUG 8168 --- [http-nio-8888-exec-6] c.m.d.mapper.UserMapper.selectByExample  : ==>  Preparing: select id, name, account_id, token, gmt_create, gmt_modified, avatar_url from user WHERE ( token = ? ) 
2023-07-03 23:53:07.261 DEBUG 8168 --- [http-nio-8888-exec-6] c.m.d.mapper.UserMapper.selectByExample  : ==> Parameters: 2881363d-4172-411c-b611-1088b772ecbf(String)
2023-07-03 23:53:07.264 DEBUG 8168 --- [http-nio-8888-exec-6] c.m.d.mapper.UserMapper.selectByExample  : <==      Total: 1
2023-07-03 23:53:07.267 DEBUG 8168 --- [http-nio-8888-exec-6] c.m.d.m.N.countByExample                 : ==>  Preparing: select count(*) from notification WHERE ( receiver = ? and status = ? ) 
2023-07-03 23:53:07.268 DEBUG 8168 --- [http-nio-8888-exec-6] c.m.d.m.N.countByExample                 : ==> Parameters: 22(Long), 0(Integer)
2023-07-03 23:53:07.274 DEBUG 8168 --- [http-nio-8888-exec-6] c.m.d.m.N.countByExample                 : <==      Total: 1
2023-07-03 23:53:07.293 DEBUG 8168 --- [http-nio-8888-exec-5] c.m.d.mapper.UserMapper.selectByExample  : ==>  Preparing: select id, name, account_id, token, gmt_create, gmt_modified, avatar_url from user WHERE ( token = ? ) 
2023-07-03 23:53:07.294 DEBUG 8168 --- [http-nio-8888-exec-5] c.m.d.mapper.UserMapper.selectByExample  : ==> Parameters: 2881363d-4172-411c-b611-1088b772ecbf(String)
2023-07-03 23:53:07.296 DEBUG 8168 --- [http-nio-8888-exec-5] c.m.d.mapper.UserMapper.selectByExample  : <==      Total: 1
2023-07-03 23:53:07.297 DEBUG 8168 --- [http-nio-8888-exec-5] c.m.d.m.N.countByExample                 : ==>  Preparing: select count(*) from notification WHERE ( receiver = ? and status = ? ) 
2023-07-03 23:53:07.298 DEBUG 8168 --- [http-nio-8888-exec-5] c.m.d.m.N.countByExample                 : ==> Parameters: 22(Long), 0(Integer)
2023-07-03 23:53:07.300 DEBUG 8168 --- [http-nio-8888-exec-5] c.m.d.m.N.countByExample                 : <==      Total: 1
2023-07-03 23:53:07.400 DEBUG 8168 --- [http-nio-8888-exec-3] c.m.d.mapper.UserMapper.selectByExample  : ==>  Preparing: select id, name, account_id, token, gmt_create, gmt_modified, avatar_url from user WHERE ( token = ? ) 
2023-07-03 23:53:07.400 DEBUG 8168 --- [http-nio-8888-exec-4] c.m.d.mapper.UserMapper.selectByExample  : ==>  Preparing: select id, name, account_id, token, gmt_create, gmt_modified, avatar_url from user WHERE ( token = ? ) 
2023-07-03 23:53:07.401 DEBUG 8168 --- [http-nio-8888-exec-3] c.m.d.mapper.UserMapper.selectByExample  : ==> Parameters: 2881363d-4172-411c-b611-1088b772ecbf(String)
2023-07-03 23:53:07.401 DEBUG 8168 --- [http-nio-8888-exec-4] c.m.d.mapper.UserMapper.selectByExample  : ==> Parameters: 2881363d-4172-411c-b611-1088b772ecbf(String)
2023-07-03 23:53:07.407 DEBUG 8168 --- [http-nio-8888-exec-4] c.m.d.mapper.UserMapper.selectByExample  : <==      Total: 1
2023-07-03 23:53:07.409 DEBUG 8168 --- [http-nio-8888-exec-3] c.m.d.mapper.UserMapper.selectByExample  : <==      Total: 1
2023-07-03 23:53:07.410 DEBUG 8168 --- [http-nio-8888-exec-4] c.m.d.m.N.countByExample                 : ==>  Preparing: select count(*) from notification WHERE ( receiver = ? and status = ? ) 
2023-07-03 23:53:07.410 DEBUG 8168 --- [http-nio-8888-exec-4] c.m.d.m.N.countByExample                 : ==> Parameters: 22(Long), 0(Integer)
2023-07-03 23:53:07.412 DEBUG 8168 --- [http-nio-8888-exec-4] c.m.d.m.N.countByExample                 : <==      Total: 1
2023-07-03 23:53:07.412 DEBUG 8168 --- [http-nio-8888-exec-3] c.m.d.m.N.countByExample                 : ==>  Preparing: select count(*) from notification WHERE ( receiver = ? and status = ? ) 
2023-07-03 23:53:07.412 DEBUG 8168 --- [http-nio-8888-exec-3] c.m.d.m.N.countByExample                 : ==> Parameters: 22(Long), 0(Integer)
2023-07-03 23:53:07.414 DEBUG 8168 --- [http-nio-8888-exec-3] c.m.d.m.N.countByExample                 : <==      Total: 1
2023-07-03 23:53:07.592 DEBUG 8168 --- [http-nio-8888-exec-2] c.m.d.mapper.UserMapper.selectByExample  : ==>  Preparing: select id, name, account_id, token, gmt_create, gmt_modified, avatar_url from user WHERE ( token = ? ) 
2023-07-03 23:53:07.594 DEBUG 8168 --- [http-nio-8888-exec-2] c.m.d.mapper.UserMapper.selectByExample  : ==> Parameters: 2881363d-4172-411c-b611-1088b772ecbf(String)
2023-07-03 23:53:07.597 DEBUG 8168 --- [http-nio-8888-exec-2] c.m.d.mapper.UserMapper.selectByExample  : <==      Total: 1
2023-07-03 23:53:07.599 DEBUG 8168 --- [http-nio-8888-exec-2] c.m.d.m.N.countByExample                 : ==>  Preparing: select count(*) from notification WHERE ( receiver = ? and status = ? ) 
2023-07-03 23:53:07.599 DEBUG 8168 --- [http-nio-8888-exec-2] c.m.d.m.N.countByExample                 : ==> Parameters: 22(Long), 0(Integer)
2023-07-03 23:53:07.601 DEBUG 8168 --- [http-nio-8888-exec-2] c.m.d.m.N.countByExample                 : <==      Total: 1
