2023-07-03 23:16:06.003  INFO 9376 --- [restartedMain] com.majiang.demo.DemoApplication         : Starting DemoApplication using Java 1.8.0_331 on DESKTOP-35V70FO with PID 9376 (D:\IDEA\demo\target\classes started by 47316 in D:\IDEA\demo)
2023-07-03 23:16:06.044  INFO 9376 --- [restartedMain] com.majiang.demo.DemoApplication         : No active profile set, falling back to 1 default profile: "default"
2023-07-03 23:16:06.877  INFO 9376 --- [restartedMain] o.s.b.w.embedded.tomcat.TomcatWebServer  : Tomcat initialized with port(s): 8888 (http)
2023-07-03 23:16:06.878  INFO 9376 --- [restartedMain] o.a.catalina.core.AprLifecycleListener   : Loaded Apache Tomcat Native library [1.2.34] using APR version [1.7.0].
2023-07-03 23:16:06.882  INFO 9376 --- [restartedMain] o.a.catalina.core.AprLifecycleListener   : APR capabilities: IPv6 [true], sendfile [true], accept filters [false], random [true], UDS [true].
2023-07-03 23:16:06.883  INFO 9376 --- [restartedMain] o.a.catalina.core.AprLifecycleListener   : APR/OpenSSL configuration: useAprConnector [false], useOpenSSL [true]
2023-07-03 23:16:06.883  INFO 9376 --- [restartedMain] o.a.catalina.core.AprLifecycleListener   : OpenSSL successfully initialized [OpenSSL 1.1.1o  3 May 2022]
2023-07-03 23:16:06.884  INFO 9376 --- [restartedMain] o.apache.catalina.core.StandardService   : Starting service [Tomcat]
2023-07-03 23:16:06.885  INFO 9376 --- [restartedMain] org.apache.catalina.core.StandardEngine  : Starting Servlet engine: [Apache Tomcat/9.0.75]
2023-07-03 23:16:06.951  INFO 9376 --- [restartedMain] o.a.c.c.C.[Tomcat].[localhost].[/]       : Initializing Spring embedded WebApplicationContext
2023-07-03 23:16:06.952  INFO 9376 --- [restartedMain] w.s.c.ServletWebServerApplicationContext : Root WebApplicationContext: initialization completed in 903 ms
2023-07-03 23:16:07.303  INFO 9376 --- [restartedMain] o.s.b.a.w.s.WelcomePageHandlerMapping    : Adding welcome page template: index
2023-07-03 23:16:07.432  INFO 9376 --- [restartedMain] o.s.b.d.a.OptionalLiveReloadServer       : LiveReload server is running on port 35729
2023-07-03 23:16:07.460  INFO 9376 --- [restartedMain] o.s.b.w.embedded.tomcat.TomcatWebServer  : Tomcat started on port(s): 8888 (http) with context path ''
2023-07-03 23:16:07.467  INFO 9376 --- [restartedMain] com.majiang.demo.DemoApplication         : Started DemoApplication in 1.599 seconds (JVM running for 771.729)
2023-07-03 23:16:07.471  INFO 9376 --- [restartedMain] .ConditionEvaluationDeltaLoggingListener : Condition evaluation unchanged
2023-07-03 23:16:07.485  INFO 9376 --- [http-nio-8888-exec-1] o.a.c.c.C.[Tomcat].[localhost].[/]       : Initializing Spring DispatcherServlet 'dispatcherServlet'
2023-07-03 23:16:07.488  INFO 9376 --- [http-nio-8888-exec-1] o.s.web.servlet.DispatcherServlet        : Initializing Servlet 'dispatcherServlet'
2023-07-03 23:16:07.494  INFO 9376 --- [http-nio-8888-exec-1] o.s.web.servlet.DispatcherServlet        : Completed initialization in 6 ms
2023-07-03 23:16:07.502  INFO 9376 --- [http-nio-8888-exec-1] com.zaxxer.hikari.HikariDataSource       : HikariPool-2 - Starting...
2023-07-03 23:16:07.544  INFO 9376 --- [http-nio-8888-exec-1] com.zaxxer.hikari.HikariDataSource       : HikariPool-2 - Start completed.
2023-07-03 23:17:32.040  INFO 9376 --- [File Watcher] rtingClassPathChangeChangedEventListener : Restarting due to 1 class path change (0 additions, 0 deletions, 1 modification)
2023-07-03 23:17:32.591  INFO 9376 --- [Thread-21] o.apache.catalina.core.StandardService   : Stopping service [Tomcat]
2023-07-03 23:17:32.596  INFO 9376 --- [Thread-21] o.a.c.c.C.[Tomcat].[localhost].[/]       : Destroying Spring FrameworkServlet 'dispatcherServlet'
2023-07-03 23:17:32.603  WARN 9376 --- [Thread-21] o.a.c.loader.WebappClassLoaderBase       : The web application [ROOT] appears to have started a thread named [HikariPool-2 housekeeper] but has failed to stop it. This is very likely to create a memory leak. Stack trace of thread:
 sun.misc.Unsafe.park(Native Method)
 java.util.concurrent.locks.LockSupport.parkNanos(LockSupport.java:215)
 java.util.concurrent.locks.AbstractQueuedSynchronizer$ConditionObject.awaitNanos(AbstractQueuedSynchronizer.java:2078)
 java.util.concurrent.ScheduledThreadPoolExecutor$DelayedWorkQueue.take(ScheduledThreadPoolExecutor.java:1093)
 java.util.concurrent.ScheduledThreadPoolExecutor$DelayedWorkQueue.take(ScheduledThreadPoolExecutor.java:809)
 java.util.concurrent.ThreadPoolExecutor.getTask(ThreadPoolExecutor.java:1074)
 java.util.concurrent.ThreadPoolExecutor.runWorker(ThreadPoolExecutor.java:1134)
 java.util.concurrent.ThreadPoolExecutor$Worker.run(ThreadPoolExecutor.java:624)
 java.lang.Thread.run(Thread.java:750)
2023-07-03 23:17:32.613  INFO 9376 --- [Thread-21] com.zaxxer.hikari.HikariDataSource       : HikariPool-2 - Shutdown initiated...
2023-07-03 23:17:32.629  INFO 9376 --- [Thread-21] com.zaxxer.hikari.HikariDataSource       : HikariPool-2 - Shutdown completed.
